
2024/04/22 (16:18:04) | ===> btop++ v.1.3.2
2024/04/22 (16:18:04) | ERROR: Stall in Runner thread, restarting!

2024/07/21 (14:22:45) | ===> btop++ v.1.3.2
2024/07/21 (14:22:45) | ERROR: No tty detected!
btop++ needs an interactive shell to run.

2024/12/14 (10:28:24) | ===> btop++ v.1.4.0
2024/12/14 (10:28:24) | WARNING: Intel GPU: Failed to initialize PMU

2025/01/06 (02:43:19) | ===> btop++ v.1.4.0
2025/01/06 (02:43:19) | WARNING: Intel GPU: Failed to initialize PMU

2025/01/06 (03:46:19) | ===> btop++ v.1.4.0
2025/01/06 (03:46:19) | WARNING: Intel GPU: Failed to initialize PMU

2025/01/08 (00:03:48) | ===> btop++ v.1.4.0
2025/01/08 (00:03:48) | WARNING: Intel GPU: Failed to initialize PMU

2025/01/15 (17:54:10) | ===> btop++ v.1.4.0
2025/01/15 (17:54:10) | WARNING: Intel GPU: Failed to initialize PMU

2025/01/18 (20:24:52) | ===> btop++ v.1.4.0
2025/01/18 (20:24:52) | WARNING: Intel GPU: Failed to initialize PMU

2025/01/18 (20:25:38) | ===> btop++ v.1.4.0
2025/01/18 (20:25:38) | WARNING: Intel GPU: Failed to initialize PMU

2025/01/18 (20:25:51) | ===> btop++ v.1.4.0
2025/01/18 (20:25:51) | WARNING: Intel GPU: Failed to initialize PMU

2025/01/18 (20:27:28) | ===> btop++ v.1.4.0
2025/01/18 (20:27:28) | WARNING: Intel GPU: Failed to initialize PMU

2025/01/18 (20:34:29) | ===> btop++ v.1.4.0
2025/01/18 (20:34:29) | WARNING: Intel GPU: Failed to initialize PMU

2025/01/18 (20:39:47) | ===> btop++ v.1.4.0
2025/01/18 (20:39:47) | WARNING: Intel GPU: Failed to initialize PMU

2025/01/18 (20:40:36) | ===> btop++ v.1.4.0
2025/01/18 (20:40:36) | WARNING: Intel GPU: Failed to initialize PMU

2025/01/18 (20:46:02) | ===> btop++ v.1.4.0
2025/01/18 (20:46:02) | WARNING: Intel GPU: Failed to initialize PMU

2025/01/18 (20:48:20) | ===> btop++ v.1.4.0
2025/01/18 (20:48:20) | WARNING: Intel GPU: Failed to initialize PMU

2025/01/18 (22:25:03) | ===> btop++ v.1.4.0
2025/01/18 (22:25:03) | WARNING: Intel GPU: Failed to initialize PMU

2025/01/18 (22:27:27) | ===> btop++ v.1.4.0
2025/01/18 (22:27:27) | WARNING: Intel GPU: Failed to initialize PMU

2025/01/18 (22:30:14) | ===> btop++ v.1.4.0
2025/01/18 (22:30:14) | WARNING: Intel GPU: Failed to initialize PMU

2025/01/18 (22:31:21) | ===> btop++ v.1.4.0
2025/01/18 (22:31:21) | WARNING: Intel GPU: Failed to initialize PMU

2025/01/19 (16:56:23) | ===> btop++ v.1.4.0
2025/01/19 (16:56:23) | WARNING: Intel GPU: Failed to initialize PMU

2025/01/19 (17:05:37) | ===> btop++ v.1.4.0
2025/01/19 (17:05:37) | WARNING: Intel GPU: Failed to initialize PMU

2025/01/20 (22:40:34) | ===> btop++ v.1.4.0
2025/01/20 (22:40:34) | WARNING: Intel GPU: Failed to initialize PMU

2025/01/23 (16:26:21) | ===> btop++ v.1.4.0
2025/01/23 (16:26:21) | WARNING: Intel GPU: Failed to initialize PMU

2025/01/28 (14:37:21) | ===> btop++ v.1.4.0
2025/01/28 (14:37:21) | WARNING: Intel GPU: Failed to initialize PMU

2025/01/28 (18:08:41) | ===> btop++ v.1.4.0
2025/01/28 (18:08:41) | WARNING: Intel GPU: Failed to initialize PMU

2025/01/28 (19:05:18) | ===> btop++ v.1.4.0
2025/01/28 (19:05:18) | WARNING: Intel GPU: Failed to initialize PMU

2025/01/28 (19:08:13) | ===> btop++ v.1.4.0
2025/01/28 (19:08:13) | WARNING: Intel GPU: Failed to initialize PMU

2025/01/28 (19:54:34) | ===> btop++ v.1.4.0
2025/01/28 (19:54:34) | WARNING: Intel GPU: Failed to initialize PMU

2025/01/28 (20:05:15) | ===> btop++ v.1.4.0
2025/01/28 (20:05:15) | WARNING: Intel GPU: Failed to initialize PMU

2025/01/28 (20:28:39) | ===> btop++ v.1.4.0
2025/01/28 (20:28:39) | WARNING: Intel GPU: Failed to initialize PMU

2025/01/28 (20:33:54) | ===> btop++ v.1.4.0
2025/01/28 (20:33:54) | WARNING: Intel GPU: Failed to initialize PMU

2025/01/28 (20:42:16) | ===> btop++ v.1.4.0
2025/01/28 (20:42:16) | WARNING: Intel GPU: Failed to initialize PMU

2025/01/28 (21:21:12) | ===> btop++ v.1.4.0
2025/01/28 (21:21:12) | WARNING: Intel GPU: Failed to initialize PMU

2025/01/29 (16:57:04) | ===> btop++ v.1.4.0
2025/01/29 (16:57:04) | WARNING: Intel GPU: Failed to initialize PMU

2025/01/29 (16:57:14) | ===> btop++ v.1.4.0
2025/01/29 (16:57:14) | WARNING: Intel GPU: Failed to initialize PMU

2025/01/29 (16:58:00) | ===> btop++ v.1.4.0
2025/01/29 (16:58:00) | WARNING: Intel GPU: Failed to initialize PMU

2025/01/29 (16:59:35) | ===> btop++ v.1.4.0
2025/01/29 (16:59:35) | WARNING: Intel GPU: Failed to initialize PMU

2025/01/29 (17:00:46) | ===> btop++ v.1.4.0
2025/01/29 (17:00:46) | WARNING: Intel GPU: Failed to initialize PMU

2025/01/29 (17:08:35) | ===> btop++ v.1.4.0
2025/01/29 (17:08:35) | WARNING: Intel GPU: Failed to initialize PMU

2025/01/29 (17:09:21) | ===> btop++ v.1.4.0
2025/01/29 (17:09:21) | WARNING: Intel GPU: Failed to initialize PMU

2025/01/31 (16:50:10) | ===> btop++ v.1.4.0
2025/01/31 (16:50:10) | WARNING: Intel GPU: Failed to initialize PMU

2025/02/01 (16:16:31) | ===> btop++ v.1.4.0
2025/02/01 (16:16:31) | WARNING: Intel GPU: Failed to initialize PMU

2025/02/01 (22:15:16) | ===> btop++ v.1.4.0
2025/02/01 (22:15:16) | WARNING: Intel GPU: Failed to initialize PMU

2025/02/01 (22:40:27) | ===> btop++ v.1.4.0
2025/02/01 (22:40:27) | WARNING: Intel GPU: Failed to initialize PMU

2025/02/01 (22:41:25) | ===> btop++ v.1.4.0
2025/02/01 (22:41:25) | WARNING: Intel GPU: Failed to initialize PMU

2025/02/01 (22:43:37) | ===> btop++ v.1.4.0
2025/02/01 (22:43:37) | WARNING: Intel GPU: Failed to initialize PMU

2025/02/02 (06:02:25) | ===> btop++ v.1.4.0
2025/02/02 (06:02:25) | WARNING: Intel GPU: Failed to initialize PMU

2025/02/02 (06:08:57) | ===> btop++ v.1.4.0
2025/02/02 (06:08:57) | WARNING: Intel GPU: Failed to initialize PMU

2025/02/02 (06:33:01) | ===> btop++ v.1.4.0
2025/02/02 (06:33:01) | WARNING: Intel GPU: Failed to initialize PMU

2025/02/02 (06:33:59) | ===> btop++ v.1.4.0
2025/02/02 (06:33:59) | WARNING: Intel GPU: Failed to initialize PMU

2025/02/06 (17:18:10) | ===> btop++ v.1.4.0
2025/02/06 (17:18:10) | WARNING: Intel GPU: Failed to initialize PMU

2025/02/06 (17:40:19) | ===> btop++ v.1.4.0
2025/02/06 (17:40:19) | WARNING: Intel GPU: Failed to initialize PMU

2025/02/06 (17:54:58) | ===> btop++ v.1.4.0
2025/02/06 (17:54:58) | WARNING: Intel GPU: Failed to initialize PMU

2025/02/06 (18:14:33) | ===> btop++ v.1.4.0
2025/02/06 (18:14:33) | WARNING: Intel GPU: Failed to initialize PMU

2025/02/06 (18:15:20) | ===> btop++ v.1.4.0
2025/02/06 (18:15:20) | WARNING: Intel GPU: Failed to initialize PMU

2025/02/06 (18:15:57) | ===> btop++ v.1.4.0
2025/02/06 (18:15:57) | WARNING: Intel GPU: Failed to initialize PMU

2025/02/06 (18:28:55) | ===> btop++ v.1.4.0
2025/02/06 (18:28:55) | WARNING: Intel GPU: Failed to initialize PMU

2025/02/06 (18:44:40) | ===> btop++ v.1.4.0
2025/02/06 (18:44:40) | WARNING: Intel GPU: Failed to initialize PMU

2025/02/06 (18:44:50) | ===> btop++ v.1.4.0
2025/02/06 (18:44:50) | WARNING: Intel GPU: Failed to initialize PMU

2025/02/06 (19:31:48) | ===> btop++ v.1.4.0
2025/02/06 (19:31:48) | WARNING: Intel GPU: Failed to initialize PMU

2025/02/06 (20:22:49) | ===> btop++ v.1.4.0
2025/02/06 (20:22:49) | WARNING: Intel GPU: Failed to initialize PMU

2025/02/06 (20:45:32) | ===> btop++ v.1.4.0
2025/02/06 (20:45:32) | WARNING: Intel GPU: Failed to initialize PMU

2025/02/06 (21:00:53) | ===> btop++ v.1.4.0
2025/02/06 (21:00:53) | WARNING: Intel GPU: Failed to initialize PMU

2025/02/06 (21:01:01) | ===> btop++ v.1.4.0
2025/02/06 (21:01:01) | WARNING: Intel GPU: Failed to initialize PMU

2025/02/06 (21:01:53) | ===> btop++ v.1.4.0
2025/02/06 (21:01:53) | WARNING: Intel GPU: Failed to initialize PMU

2025/02/07 (01:08:23) | ===> btop++ v.1.4.0
2025/02/07 (01:08:23) | WARNING: Intel GPU: Failed to initialize PMU

2025/02/07 (02:08:47) | ===> btop++ v.1.4.0
2025/02/07 (02:08:47) | WARNING: Intel GPU: Failed to initialize PMU

2025/02/07 (06:27:42) | ===> btop++ v.1.4.0
2025/02/07 (06:27:42) | WARNING: Intel GPU: Failed to initialize PMU

2025/02/07 (06:28:22) | ===> btop++ v.1.4.0
2025/02/07 (06:28:22) | WARNING: Intel GPU: Failed to initialize PMU

2025/02/07 (06:28:30) | ===> btop++ v.1.4.0
2025/02/07 (06:28:30) | WARNING: Intel GPU: Failed to initialize PMU

2025/02/07 (06:29:06) | ===> btop++ v.1.4.0
2025/02/07 (06:29:06) | WARNING: Intel GPU: Failed to initialize PMU

2025/02/07 (06:43:19) | ===> btop++ v.1.4.0
2025/02/07 (06:43:19) | WARNING: Intel GPU: Failed to initialize PMU

2025/02/07 (06:48:47) | ===> btop++ v.1.4.0
2025/02/07 (06:48:47) | WARNING: Intel GPU: Failed to initialize PMU

2025/02/07 (06:53:27) | ===> btop++ v.1.4.0
2025/02/07 (06:53:27) | WARNING: Intel GPU: Failed to initialize PMU

2025/02/07 (07:22:11) | ===> btop++ v.1.4.0
2025/02/07 (07:22:11) | WARNING: Intel GPU: Failed to initialize PMU

2025/02/13 (16:10:41) | ===> btop++ v.1.4.0
2025/02/13 (16:10:41) | WARNING: Intel GPU: Failed to initialize PMU

2025/02/15 (00:05:05) | ===> btop++ v.1.4.0
2025/02/15 (00:05:05) | WARNING: Intel GPU: Failed to initialize PMU

2025/02/15 (00:08:10) | ===> btop++ v.1.4.0
2025/02/15 (00:08:10) | WARNING: Intel GPU: Failed to initialize PMU

2025/02/15 (00:08:20) | ===> btop++ v.1.4.0
2025/02/15 (00:08:20) | WARNING: Intel GPU: Failed to initialize PMU

2025/02/16 (20:43:58) | ===> btop++ v.1.4.0
2025/02/16 (20:43:58) | WARNING: Intel GPU: Failed to initialize PMU

2025/02/23 (19:39:23) | ===> btop++ v.1.4.0
2025/02/23 (19:39:23) | WARNING: Intel GPU: Failed to initialize PMU

2025/03/02 (01:50:31) | ===> btop++ v.1.4.0
2025/03/02 (01:50:31) | WARNING: Intel GPU: Failed to initialize PMU

2025/03/09 (17:56:53) | ===> btop++ v.1.4.0
2025/03/09 (17:56:53) | WARNING: Intel GPU: Failed to initialize PMU

2025/03/09 (19:25:22) | ===> btop++ v.1.4.0
2025/03/09 (19:25:22) | WARNING: Intel GPU: Failed to initialize PMU

2025/03/11 (20:42:44) | ===> btop++ v.1.4.0
2025/03/11 (20:42:44) | WARNING: Intel GPU: Failed to initialize PMU

2025/03/13 (21:29:46) | ===> btop++ v.1.4.0
2025/03/13 (21:29:46) | WARNING: Intel GPU: Failed to initialize PMU

2025/03/18 (15:33:45) | ===> btop++ v.1.4.0
2025/03/18 (15:33:45) | WARNING: Intel GPU: Failed to initialize PMU

2025/03/18 (19:00:04) | ===> btop++ v.1.4.0
2025/03/18 (19:00:04) | WARNING: Intel GPU: Failed to initialize PMU

2025/03/18 (19:08:43) | ===> btop++ v.1.4.0
2025/03/18 (19:08:43) | WARNING: Intel GPU: Failed to initialize PMU

2025/03/18 (19:31:07) | ===> btop++ v.1.4.0
2025/03/18 (19:31:07) | WARNING: Intel GPU: Failed to initialize PMU

2025/03/18 (20:46:00) | ===> btop++ v.1.4.0
2025/03/18 (20:46:00) | WARNING: Intel GPU: Failed to initialize PMU

2025/03/24 (21:17:42) | ===> btop++ v.1.4.0
2025/03/24 (21:17:42) | WARNING: Intel GPU: Failed to initialize PMU

2025/03/24 (22:15:03) | ===> btop++ v.1.4.0
2025/03/24 (22:15:03) | WARNING: Intel GPU: Failed to initialize PMU

2025/03/24 (22:20:20) | ===> btop++ v.1.4.0
2025/03/24 (22:20:20) | WARNING: Intel GPU: Failed to initialize PMU

2025/03/26 (01:23:35) | ===> btop++ v.1.4.0
2025/03/26 (01:23:35) | WARNING: Intel GPU: Failed to initialize PMU

2025/03/26 (01:25:56) | ===> btop++ v.1.4.0
2025/03/26 (01:25:56) | WARNING: Intel GPU: Failed to initialize PMU

2025/03/26 (01:26:06) | ===> btop++ v.1.4.0
2025/03/26 (01:26:06) | WARNING: Intel GPU: Failed to initialize PMU

2025/03/27 (19:15:14) | ===> btop++ v.1.4.0
2025/03/27 (19:15:14) | WARNING: Intel GPU: Failed to initialize PMU

2025/03/28 (21:58:18) | ===> btop++ v.1.4.0
2025/03/28 (21:58:18) | WARNING: Intel GPU: Failed to initialize PMU

2025/03/28 (22:02:23) | ===> btop++ v.1.4.0
2025/03/28 (22:02:23) | WARNING: Intel GPU: Failed to initialize PMU

2025/03/28 (22:05:27) | ===> btop++ v.1.4.0
2025/03/28 (22:05:27) | WARNING: Intel GPU: Failed to initialize PMU

2025/03/28 (23:30:27) | ===> btop++ v.1.4.0
2025/03/28 (23:30:27) | WARNING: Intel GPU: Failed to initialize PMU

2025/03/28 (23:54:18) | ===> btop++ v.1.4.0
2025/03/28 (23:54:18) | WARNING: Intel GPU: Failed to initialize PMU

2025/03/30 (18:16:32) | ===> btop++ v.1.4.0
2025/03/30 (18:16:32) | WARNING: Intel GPU: Failed to initialize PMU

2025/03/30 (18:36:30) | ===> btop++ v.1.4.0
2025/03/30 (18:36:30) | WARNING: Intel GPU: Failed to initialize PMU

2025/03/30 (18:46:28) | ===> btop++ v.1.4.0
2025/03/30 (18:46:28) | WARNING: Intel GPU: Failed to initialize PMU

2025/03/30 (20:15:49) | ===> btop++ v.1.4.0
2025/03/30 (20:15:49) | WARNING: Intel GPU: Failed to initialize PMU

2025/03/30 (21:22:51) | ===> btop++ v.1.4.0
2025/03/30 (21:22:51) | WARNING: Intel GPU: Failed to initialize PMU

2025/03/30 (22:57:52) | ===> btop++ v.1.4.0
2025/03/30 (22:57:52) | WARNING: Intel GPU: Failed to initialize PMU

2025/03/31 (01:11:18) | ===> btop++ v.1.4.0
2025/03/31 (01:11:18) | WARNING: Intel GPU: Failed to initialize PMU

2025/03/31 (01:12:39) | ===> btop++ v.1.4.0
2025/03/31 (01:12:39) | WARNING: Intel GPU: Failed to initialize PMU

2025/03/31 (02:15:35) | ===> btop++ v.1.4.0
2025/03/31 (02:15:35) | WARNING: Intel GPU: Failed to initialize PMU

2025/03/31 (17:36:44) | ===> btop++ v.1.4.0
2025/03/31 (17:36:44) | WARNING: Intel GPU: Failed to initialize PMU

2025/04/02 (17:33:07) | ===> btop++ v.1.4.0
2025/04/02 (17:33:07) | WARNING: Intel GPU: Failed to initialize PMU

2025/04/02 (18:13:50) | ===> btop++ v.1.4.0
2025/04/02 (18:13:50) | WARNING: Intel GPU: Failed to initialize PMU

2025/04/06 (14:17:38) | ===> btop++ v.1.4.0
2025/04/06 (14:17:38) | WARNING: Intel GPU: Failed to initialize PMU

2025/04/09 (12:47:45) | ===> btop++ v.1.4.0
2025/04/09 (12:47:45) | WARNING: Intel GPU: Failed to initialize PMU

2025/04/10 (16:12:55) | ===> btop++ v.1.4.0
2025/04/10 (16:12:55) | WARNING: Intel GPU: Failed to initialize PMU

2025/04/24 (21:25:31) | ===> btop++ v.1.4.0
2025/04/24 (21:25:31) | WARNING: Intel GPU: Failed to initialize PMU

2025/04/24 (21:28:47) | ===> btop++ v.1.4.0
2025/04/24 (21:28:47) | WARNING: Intel GPU: Failed to initialize PMU
